# JRE version: OpenJDK Runtime Environment AdoptOpenJDK-11.0.11+9 (11.0.11+9) (build 11.0.11+9)
# Java VM: OpenJDK 64-Bit Server VM AdoptOpenJDK-11.0.11+9 (11.0.11+9, mixed mode, tiered, compressed oops, g1 gc, windows-amd64)
Heap:
 garbage-first heap   total 129024K, used 87574K [0x0000000083c00000, 0x0000000100000000)
  region size 1024K, 32 young (32768K), 2 survivors (2048K)
 Metaspace       used 35598K, capacity 37321K, committed 37504K, reserved 1081344K
  class space    used 4561K, capacity 5249K, committed 5376K, reserved 1048576K
GC Heap History (14 events):
Event: 0.724 GC heap before
{Heap before GC invocations=0 (full 0):
 garbage-first heap   total 129024K, used 23552K [0x0000000083c00000, 0x0000000100000000)
  region size 1024K, 24 young (24576K), 0 survivors (0K)
 Metaspace       used 11511K, capacity 11846K, committed 12032K, reserved 1060864K
  class space    used 1088K, capacity 1204K, committed 1280K, reserved 1048576K
}
Event: 0.728 GC heap after
{Heap after GC invocations=1 (full 0):
 garbage-first heap   total 129024K, used 5371K [0x0000000083c00000, 0x0000000100000000)
  region size 1024K, 3 young (3072K), 3 survivors (3072K)
 Metaspace       used 11511K, capacity 11846K, committed 12032K, reserved 1060864K
  class space    used 1088K, capacity 1204K, committed 1280K, reserved 1048576K
}
Event: 1.526 GC heap before
{Heap before GC invocations=1 (full 0):
 garbage-first heap   total 129024K, used 50427K [0x0000000083c00000, 0x0000000100000000)
  region size 1024K, 34 young (34816K), 3 survivors (3072K)
 Metaspace       used 20519K, capacity 21206K, committed 21248K, reserved 1067008K
  class space    used 2532K, capacity 2804K, committed 2816K, reserved 1048576K
}
Event: 1.533 GC heap after
{Heap after GC invocations=2 (full 0):
 garbage-first heap   total 129024K, used 23779K [0x0000000083c00000, 0x0000000100000000)
  region size 1024K, 7 young (7168K), 7 survivors (7168K)
 Metaspace       used 20519K, capacity 21206K, committed 21248K, reserved 1067008K
  class space    used 2532K, capacity 2804K, committed 2816K, reserved 1048576K
}
Event: 9.626 GC heap before
{Heap before GC invocations=3 (full 0):
 garbage-first heap   total 129024K, used 57571K [0x0000000083c00000, 0x0000000100000000)
  region size 1024K, 38 young (38912K), 7 survivors (7168K)
 Metaspace       used 29138K, capacity 30152K, committed 30336K, reserved 1075200K
  class space    used 3672K, capacity 4108K, committed 4224K, reserved 1048576K
}
Event: 9.633 GC heap after
{Heap after GC invocations=4 (full 0):
 garbage-first heap   total 129024K, used 29374K [0x0000000083c00000, 0x0000000100000000)
  region size 1024K, 4 young (4096K), 4 survivors (4096K)
 Metaspace       used 29138K, capacity 30152K, committed 30336K, reserved 1075200K
  class space    used 3672K, capacity 4108K, committed 4224K, reserved 1048576K
}
Event: 13.468 GC heap before
{Heap before GC invocations=4 (full 0):
 garbage-first heap   total 129024K, used 81598K [0x0000000083c00000, 0x0000000100000000)
  region size 1024K, 45 young (46080K), 4 survivors (4096K)
 Metaspace       used 33261K, capacity 34756K, committed 34816K, reserved 1079296K
  class space    used 4227K, capacity 4815K, committed 4864K, reserved 1048576K
}
Event: 13.478 GC heap after
{Heap after GC invocations=5 (full 0):
 garbage-first heap   total 129024K, used 46831K [0x0000000083c00000, 0x0000000100000000)
  region size 1024K, 6 young (6144K), 6 survivors (6144K)
 Metaspace       used 33261K, capacity 34756K, committed 34816K, reserved 1079296K
  class space    used 4227K, capacity 4815K, committed 4864K, reserved 1048576K
}
Event: 86.960 GC heap before
{Heap before GC invocations=5 (full 0):
 garbage-first heap   total 129024K, used 97007K [0x0000000083c00000, 0x0000000100000000)
  region size 1024K, 47 young (48128K), 6 survivors (6144K)
 Metaspace       used 33866K, capacity 35308K, committed 35584K, reserved 1079296K
  class space    used 4247K, capacity 4820K, committed 4864K, reserved 1048576K
}
Event: 86.970 GC heap after
{Heap after GC invocations=6 (full 0):
 garbage-first heap   total 129024K, used 58368K [0x0000000083c00000, 0x0000000100000000)
  region size 1024K, 6 young (6144K), 6 survivors (6144K)
 Metaspace       used 33866K, capacity 35308K, committed 35584K, reserved 1079296K
  class space    used 4247K, capacity 4820K, committed 4864K, reserved 1048576K
}
Event: 383.508 GC heap before
{Heap before GC invocations=6 (full 0):
 garbage-first heap   total 129024K, used 84992K [0x0000000083c00000, 0x0000000100000000)
  region size 1024K, 33 young (33792K), 6 survivors (6144K)
 Metaspace       used 34267K, capacity 35703K, committed 35840K, reserved 1081344K
  class space    used 4318K, capacity 4909K, committed 4992K, reserved 1048576K
}
Event: 383.516 GC heap after
{Heap after GC invocations=7 (full 0):
 garbage-first heap   total 129024K, used 60390K [0x0000000083c00000, 0x0000000100000000)
  region size 1024K, 2 young (2048K), 2 survivors (2048K)
 Metaspace       used 34267K, capacity 35703K, committed 35840K, reserved 1081344K
  class space    used 4318K, capacity 4909K, committed 4992K, reserved 1048576K
}
Event: 892.320 GC heap before
{Heap before GC invocations=8 (full 0):
 garbage-first heap   total 129024K, used 92134K [0x0000000083c00000, 0x0000000100000000)
  region size 1024K, 35 young (35840K), 2 survivors (2048K)
 Metaspace       used 34278K, capacity 35767K, committed 36096K, reserved 1081344K
  class space    used 4318K, capacity 4909K, committed 4992K, reserved 1048576K
}
Event: 892.327 GC heap after
{Heap after GC invocations=9 (full 0):
 garbage-first heap   total 129024K, used 57878K [0x0000000083c00000, 0x0000000100000000)
  region size 1024K, 2 young (2048K), 2 survivors (2048K)
 Metaspace       used 34278K, capacity 35767K, committed 36096K, reserved 1081344K
  class space    used 4318K, capacity 4909K, committed 4992K, reserved 1048576K
}

